<?xml version="1.0" encoding="UTF-8"?>
<!-- Generated by org.testng.reporters.JUnitXMLReporter -->
<testsuite ignored="0" hostname="LAP-2123" failures="0" tests="3" name="Default test" time="2.358" errors="0" timestamp="2022-05-31T11:11:55 IST">
  <testcase classname="RestAssuredAutomation.Test_01_Get" name="getRequest" time="1.576"/>
  <testcase classname="RestAssuredAutomation.Test_01_Get" name="getRequest1" time="0.181"/>
  <testcase classname="RestAssuredAutomation.Test_01_Get" name="postRequest" time="0.569"/>
</testsuite> <!-- Default test -->
