<?xml version="1.0" encoding="UTF-8"?>
<!-- Generated by org.testng.reporters.JUnitXMLReporter -->
<testsuite ignored="0" hostname="LAP-2123" failures="0" tests="3" name="Test" time="2.182" errors="0" timestamp="2022-05-31T11:16:53 IST">
  <testcase classname="RestAssuredAutomation.Test_01_Get" name="getRequest" time="1.446"/>
  <testcase classname="RestAssuredAutomation.Test_01_Get" name="getRequest1" time="0.157"/>
  <testcase classname="RestAssuredAutomation.Test_01_Get" name="postRequest" time="0.542"/>
</testsuite> <!-- Test -->
