<?xml version="1.0" encoding="UTF-8"?>
<testng-results ignored="0" total="3" passed="3" failed="0" skipped="0">
  <reporter-output>
  </reporter-output>
  <suite started-at="2022-05-31T11:16:51 IST" name="Suite" finished-at="2022-05-31T11:16:53 IST" duration-ms="2182">
    <groups>
    </groups>
    <test started-at="2022-05-31T11:16:51 IST" name="Test" finished-at="2022-05-31T11:16:53 IST" duration-ms="2182">
      <class name="RestAssuredAutomation.Test_01_Get">
        <test-method signature="getRequest()[pri:1, instance:RestAssuredAutomation.Test_01_Get@71def8f8]" started-at="2022-05-31T11:16:51 IST" name="getRequest" finished-at="2022-05-31T11:16:52 IST" duration-ms="1446" status="PASS">
          <reporter-output>
          </reporter-output>
        </test-method> <!-- getRequest -->
        <test-method signature="getRequest1()[pri:2, instance:RestAssuredAutomation.Test_01_Get@71def8f8]" started-at="2022-05-31T11:16:52 IST" name="getRequest1" finished-at="2022-05-31T11:16:52 IST" duration-ms="157" status="PASS">
          <reporter-output>
          </reporter-output>
        </test-method> <!-- getRequest1 -->
        <test-method signature="postRequest()[pri:3, instance:RestAssuredAutomation.Test_01_Get@71def8f8]" started-at="2022-05-31T11:16:52 IST" name="postRequest" finished-at="2022-05-31T11:16:53 IST" duration-ms="542" status="PASS">
          <reporter-output>
          </reporter-output>
        </test-method> <!-- postRequest -->
      </class> <!-- RestAssuredAutomation.Test_01_Get -->
    </test> <!-- Test -->
  </suite> <!-- Suite -->
</testng-results>
